# JRE version: Java(TM) SE Runtime Environment (7.0_76-b13) (build 1.7.0_76-b13)
# Java VM: Java HotSpot(TM) 64-Bit Server VM (24.76-b04 mixed mode windows-amd64 compressed oops)
Heap
 PSYoungGen      total 275456K, used 194370K [0x00000000eaa80000, 0x00000000fd380000, 0x0000000100000000)
  eden space 246784K, 78% used [0x00000000eaa80000,0x00000000f68509e0,0x00000000f9b80000)
  from space 28672K, 0% used [0x00000000fb780000,0x00000000fb780000,0x00000000fd380000)
  to   space 28672K, 0% used [0x00000000f9b80000,0x00000000f9b80000,0x00000000fb780000)
 ParOldGen       total 86528K, used 58454K [0x00000000c0000000, 0x00000000c5480000, 0x00000000eaa80000)
  object space 86528K, 67% used [0x00000000c0000000,0x00000000c3915900,0x00000000c5480000)
 PSPermGen       total 101888K, used 54462K [0x00000000b0000000, 0x00000000b6380000, 0x00000000c0000000)
  object space 101888K, 53% used [0x00000000b0000000,0x00000000b352fb20,0x00000000b6380000)
GC Heap History (10 events):
Event: 5893.228 GC heap before
{Heap before GC invocations=18 (full 3):
 PSYoungGen      total 299520K, used 1312K [0x00000000eaa80000, 0x00000000fec00000, 0x0000000100000000)
  eden space 269824K, 0% used [0x00000000eaa80000,0x00000000eaa80000,0x00000000fb200000)
  from space 29696K, 4% used [0x00000000fb200000,0x00000000fb348000,0x00000000fcf00000)
  to   space 29696K, 0% used [0x00000000fcf00000,0x00000000fcf00000,0x00000000fec00000)
 ParOldGen       total 86528K, used 70336K [0x00000000c0000000, 0x00000000c5480000, 0x00000000eaa80000)
  object space 86528K, 81% used [0x00000000c0000000,0x00000000c44b02e0,0x00000000c5480000)
 PSPermGen       total 103424K, used 54428K [0x00000000b0000000, 0x00000000b6500000, 0x00000000c0000000)
  object space 103424K, 52% used [0x00000000b0000000,0x00000000b35271e0,0x00000000b6500000)
Event: 5893.506 GC heap after
Heap after GC invocations=18 (full 3):
 PSYoungGen      total 299520K, used 0K [0x00000000eaa80000, 0x00000000fec00000, 0x0000000100000000)
  eden space 269824K, 0% used [0x00000000eaa80000,0x00000000eaa80000,0x00000000fb200000)
  from space 29696K, 0% used [0x00000000fb200000,0x00000000fb200000,0x00000000fcf00000)
  to   space 29696K, 0% used [0x00000000fcf00000,0x00000000fcf00000,0x00000000fec00000)
 ParOldGen       total 86528K, used 53996K [0x00000000c0000000, 0x00000000c5480000, 0x00000000eaa80000)
  object space 86528K, 62% used [0x00000000c0000000,0x00000000c34bb140,0x00000000c5480000)
 PSPermGen       total 103936K, used 53257K [0x00000000b0000000, 0x00000000b6580000, 0x00000000c0000000)
  object space 103936K, 51% used [0x00000000b0000000,0x00000000b3402490,0x00000000b6580000)
}
Event: 8281.274 GC heap before
{Heap before GC invocations=19 (full 3):
 PSYoungGen      total 299520K, used 269819K [0x00000000eaa80000, 0x00000000fec00000, 0x0000000100000000)
  eden space 269824K, 99% used [0x00000000eaa80000,0x00000000fb1fefb0,0x00000000fb200000)
  from space 29696K, 0% used [0x00000000fb200000,0x00000000fb200000,0x00000000fcf00000)
  to   space 29696K, 0% used [0x00000000fcf00000,0x00000000fcf00000,0x00000000fec00000)
 ParOldGen       total 86528K, used 53996K [0x00000000c0000000, 0x00000000c5480000, 0x00000000eaa80000)
  object space 86528K, 62% used [0x00000000c0000000,0x00000000c34bb140,0x00000000c5480000)
 PSPermGen       total 103936K, used 53881K [0x00000000b0000000, 0x00000000b6580000, 0x00000000c0000000)
  object space 103936K, 51% used [0x00000000b0000000,0x00000000b349e688,0x00000000b6580000)
Event: 8281.290 GC heap after
Heap after GC invocations=19 (full 3):
 PSYoungGen      total 278016K, used 18374K [0x00000000eaa80000, 0x00000000fe280000, 0x0000000100000000)
  eden space 258048K, 0% used [0x00000000eaa80000,0x00000000eaa80000,0x00000000fa680000)
  from space 19968K, 92% used [0x00000000fcf00000,0x00000000fe0f1840,0x00000000fe280000)
  to   space 30720K, 0% used [0x00000000fa680000,0x00000000fa680000,0x00000000fc480000)
 ParOldGen       total 86528K, used 53996K [0x00000000c0000000, 0x00000000c5480000, 0x00000000eaa80000)
  object space 86528K, 62% used [0x00000000c0000000,0x00000000c34bb140,0x00000000c5480000)
 PSPermGen       total 103936K, used 53881K [0x00000000b0000000, 0x00000000b6580000, 0x00000000c0000000)
  object space 103936K, 51% used [0x00000000b0000000,0x00000000b349e688,0x00000000b6580000)
}
Event: 8283.529 GC heap before
{Heap before GC invocations=20 (full 3):
 PSYoungGen      total 278016K, used 276422K [0x00000000eaa80000, 0x00000000fe280000, 0x0000000100000000)
  eden space 258048K, 100% used [0x00000000eaa80000,0x00000000fa680000,0x00000000fa680000)
  from space 19968K, 92% used [0x00000000fcf00000,0x00000000fe0f1840,0x00000000fe280000)
  to   space 30720K, 0% used [0x00000000fa680000,0x00000000fa680000,0x00000000fc480000)
 ParOldGen       total 86528K, used 53996K [0x00000000c0000000, 0x00000000c5480000, 0x00000000eaa80000)
  object space 86528K, 62% used [0x00000000c0000000,0x00000000c34bb140,0x00000000c5480000)
 PSPermGen       total 103936K, used 53937K [0x00000000b0000000, 0x00000000b6580000, 0x00000000c0000000)
  object space 103936K, 51% used [0x00000000b0000000,0x00000000b34ac410,0x00000000b6580000)
Event: 8283.545 GC heap after
Heap after GC invocations=20 (full 3):
 PSYoungGen      total 258560K, used 11390K [0x00000000eaa80000, 0x00000000fd380000, 0x0000000100000000)
  eden space 246784K, 0% used [0x00000000eaa80000,0x00000000eaa80000,0x00000000f9b80000)
  from space 11776K, 96% used [0x00000000fa680000,0x00000000fb19f8d0,0x00000000fb200000)
  to   space 28672K, 0% used [0x00000000fb780000,0x00000000fb780000,0x00000000fd380000)
 ParOldGen       total 86528K, used 66515K [0x00000000c0000000, 0x00000000c5480000, 0x00000000eaa80000)
  object space 86528K, 76% used [0x00000000c0000000,0x00000000c40f4de8,0x00000000c5480000)
 PSPermGen       total 103936K, used 53937K [0x00000000b0000000, 0x00000000b6580000, 0x00000000c0000000)
  object space 103936K, 51% used [0x00000000b0000000,0x00000000b34ac410,0x00000000b6580000)
}
Event: 8286.726 GC heap before
{Heap before GC invocations=21 (full 3):
 PSYoungGen      total 258560K, used 203692K [0x00000000eaa80000, 0x00000000fd380000, 0x0000000100000000)
  eden space 246784K, 77% used [0x00000000eaa80000,0x00000000f664b7e8,0x00000000f9b80000)
  from space 11776K, 96% used [0x00000000fa680000,0x00000000fb19f8d0,0x00000000fb200000)
  to   space 28672K, 0% used [0x00000000fb780000,0x00000000fb780000,0x00000000fd380000)
 ParOldGen       total 86528K, used 66515K [0x00000000c0000000, 0x00000000c5480000, 0x00000000eaa80000)
  object space 86528K, 76% used [0x00000000c0000000,0x00000000c40f4de8,0x00000000c5480000)
 PSPermGen       total 103936K, used 54069K [0x00000000b0000000, 0x00000000b6580000, 0x00000000c0000000)
  object space 103936K, 52% used [0x00000000b0000000,0x00000000b34cd4f8,0x00000000b6580000)
Event: 8286.732 GC heap after
Heap after GC invocations=21 (full 3):
 PSYoungGen      total 275456K, used 2816K [0x00000000eaa80000, 0x00000000fd380000, 0x0000000100000000)
  eden space 246784K, 0% used [0x00000000eaa80000,0x00000000eaa80000,0x00000000f9b80000)
  from space 28672K, 9% used [0x00000000fb780000,0x00000000fba40000,0x00000000fd380000)
  to   space 28672K, 0% used [0x00000000f9b80000,0x00000000f9b80000,0x00000000fb780000)
 ParOldGen       total 86528K, used 68563K [0x00000000c0000000, 0x00000000c5480000, 0x00000000eaa80000)
  object space 86528K, 79% used [0x00000000c0000000,0x00000000c42f4e28,0x00000000c5480000)
 PSPermGen       total 103936K, used 54069K [0x00000000b0000000, 0x00000000b6580000, 0x00000000c0000000)
  object space 103936K, 52% used [0x00000000b0000000,0x00000000b34cd4f8,0x00000000b6580000)
}
Event: 8286.732 GC heap before
{Heap before GC invocations=22 (full 4):
 PSYoungGen      total 275456K, used 2816K [0x00000000eaa80000, 0x00000000fd380000, 0x0000000100000000)
  eden space 246784K, 0% used [0x00000000eaa80000,0x00000000eaa80000,0x00000000f9b80000)
  from space 28672K, 9% used [0x00000000fb780000,0x00000000fba40000,0x00000000fd380000)
  to   space 28672K, 0% used [0x00000000f9b80000,0x00000000f9b80000,0x00000000fb780000)
 ParOldGen       total 86528K, used 68563K [0x00000000c0000000, 0x00000000c5480000, 0x00000000eaa80000)
  object space 86528K, 79% used [0x00000000c0000000,0x00000000c42f4e28,0x00000000c5480000)
 PSPermGen       total 103936K, used 54069K [0x00000000b0000000, 0x00000000b6580000, 0x00000000c0000000)
  object space 103936K, 52% used [0x00000000b0000000,0x00000000b34cd4f8,0x00000000b6580000)
Event: 8287.326 GC heap after
Heap after GC invocations=22 (full 4):
 PSYoungGen      total 275456K, used 0K [0x00000000eaa80000, 0x00000000fd380000, 0x0000000100000000)
  eden space 246784K, 0% used [0x00000000eaa80000,0x00000000eaa80000,0x00000000f9b80000)
  from space 28672K, 0% used [0x00000000fb780000,0x00000000fb780000,0x00000000fd380000)
  to   space 28672K, 0% used [0x00000000f9b80000,0x00000000f9b80000,0x00000000fb780000)
 ParOldGen       total 86528K, used 58454K [0x00000000c0000000, 0x00000000c5480000, 0x00000000eaa80000)
  object space 86528K, 67% used [0x00000000c0000000,0x00000000c3915900,0x00000000c5480000)
 PSPermGen       total 101888K, used 53652K [0x00000000b0000000, 0x00000000b6380000, 0x00000000c0000000)
  object space 101888K, 52% used [0x00000000b0000000,0x00000000b3465178,0x00000000b6380000)
}

