# JRE version: Java(TM) SE Runtime Environment (7.0_76-b13) (build 1.7.0_76-b13)
# Java VM: Java HotSpot(TM) 64-Bit Server VM (24.76-b04 mixed mode windows-amd64 compressed oops)
Heap
 PSYoungGen      total 294912K, used 230839K [0x00000000eaa80000, 0x0000000100000000, 0x0000000100000000)
  eden space 242176K, 95% used [0x00000000eaa80000,0x00000000f8bedd98,0x00000000f9700000)
  from space 52736K, 0% used [0x00000000f9700000,0x00000000f9700000,0x00000000fca80000)
  to   space 54784K, 0% used [0x00000000fca80000,0x00000000fca80000,0x0000000100000000)
 ParOldGen       total 172544K, used 155722K [0x00000000c0000000, 0x00000000ca880000, 0x00000000eaa80000)
  object space 172544K, 90% used [0x00000000c0000000,0x00000000c98129f0,0x00000000ca880000)
 PSPermGen       total 21504K, used 5962K [0x00000000bae00000, 0x00000000bc300000, 0x00000000c0000000)
  object space 21504K, 27% used [0x00000000bae00000,0x00000000bb3d2838,0x00000000bc300000)
GC Heap History (10 events):
Event: 9.972 GC heap before
{Heap before GC invocations=5 (full 0):
 PSYoungGen      total 138240K, used 138225K [0x00000000eaa80000, 0x00000000f3680000, 0x0000000100000000)
  eden space 133120K, 100% used [0x00000000eaa80000,0x00000000f2c80000,0x00000000f2c80000)
  from space 5120K, 99% used [0x00000000f3180000,0x00000000f367c400,0x00000000f3680000)
  to   space 5120K, 0% used [0x00000000f2c80000,0x00000000f2c80000,0x00000000f3180000)
 ParOldGen       total 86528K, used 27213K [0x00000000c0000000, 0x00000000c5480000, 0x00000000eaa80000)
  object space 86528K, 31% used [0x00000000c0000000,0x00000000c1a93528,0x00000000c5480000)
 PSPermGen       total 21504K, used 5914K [0x00000000bae00000, 0x00000000bc300000, 0x00000000c0000000)
  object space 21504K, 27% used [0x00000000bae00000,0x00000000bb3c6af8,0x00000000bc300000)
Event: 10.237 GC heap after
Heap after GC invocations=5 (full 0):
 PSYoungGen      total 138240K, used 5119K [0x00000000eaa80000, 0x00000000fe680000, 0x0000000100000000)
  eden space 133120K, 0% used [0x00000000eaa80000,0x00000000eaa80000,0x00000000f2c80000)
  from space 5120K, 99% used [0x00000000f2c80000,0x00000000f317fd98,0x00000000f3180000)
  to   space 28672K, 0% used [0x00000000fca80000,0x00000000fca80000,0x00000000fe680000)
 ParOldGen       total 86528K, used 49979K [0x00000000c0000000, 0x00000000c5480000, 0x00000000eaa80000)
  object space 86528K, 57% used [0x00000000c0000000,0x00000000c30cec18,0x00000000c5480000)
 PSPermGen       total 21504K, used 5914K [0x00000000bae00000, 0x00000000bc300000, 0x00000000c0000000)
  object space 21504K, 27% used [0x00000000bae00000,0x00000000bb3c6af8,0x00000000bc300000)
}
Event: 11.229 GC heap before
{Heap before GC invocations=6 (full 0):
 PSYoungGen      total 138240K, used 138239K [0x00000000eaa80000, 0x00000000fe680000, 0x0000000100000000)
  eden space 133120K, 100% used [0x00000000eaa80000,0x00000000f2c80000,0x00000000f2c80000)
  from space 5120K, 99% used [0x00000000f2c80000,0x00000000f317fd98,0x00000000f3180000)
  to   space 28672K, 0% used [0x00000000fca80000,0x00000000fca80000,0x00000000fe680000)
 ParOldGen       total 86528K, used 49979K [0x00000000c0000000, 0x00000000c5480000, 0x00000000eaa80000)
  object space 86528K, 57% used [0x00000000c0000000,0x00000000c30cec18,0x00000000c5480000)
 PSPermGen       total 21504K, used 5950K [0x00000000bae00000, 0x00000000bc300000, 0x00000000c0000000)
  object space 21504K, 27% used [0x00000000bae00000,0x00000000bb3cfaa0,0x00000000bc300000)
Event: 11.399 GC heap after
Heap after GC invocations=6 (full 0):
 PSYoungGen      total 270848K, used 28670K [0x00000000eaa80000, 0x0000000100000000, 0x0000000100000000)
  eden space 242176K, 0% used [0x00000000eaa80000,0x00000000eaa80000,0x00000000f9700000)
  from space 28672K, 99% used [0x00000000fca80000,0x00000000fe67f9c8,0x00000000fe680000)
  to   space 52736K, 0% used [0x00000000f9700000,0x00000000f9700000,0x00000000fca80000)
 ParOldGen       total 86528K, used 82386K [0x00000000c0000000, 0x00000000c5480000, 0x00000000eaa80000)
  object space 86528K, 95% used [0x00000000c0000000,0x00000000c5074908,0x00000000c5480000)
 PSPermGen       total 21504K, used 5950K [0x00000000bae00000, 0x00000000bc300000, 0x00000000c0000000)
  object space 21504K, 27% used [0x00000000bae00000,0x00000000bb3cfaa0,0x00000000bc300000)
}
Event: 11.399 GC heap before
{Heap before GC invocations=7 (full 1):
 PSYoungGen      total 270848K, used 28670K [0x00000000eaa80000, 0x0000000100000000, 0x0000000100000000)
  eden space 242176K, 0% used [0x00000000eaa80000,0x00000000eaa80000,0x00000000f9700000)
  from space 28672K, 99% used [0x00000000fca80000,0x00000000fe67f9c8,0x00000000fe680000)
  to   space 52736K, 0% used [0x00000000f9700000,0x00000000f9700000,0x00000000fca80000)
 ParOldGen       total 86528K, used 82386K [0x00000000c0000000, 0x00000000c5480000, 0x00000000eaa80000)
  object space 86528K, 95% used [0x00000000c0000000,0x00000000c5074908,0x00000000c5480000)
 PSPermGen       total 21504K, used 5950K [0x00000000bae00000, 0x00000000bc300000, 0x00000000c0000000)
  object space 21504K, 27% used [0x00000000bae00000,0x00000000bb3cfaa0,0x00000000bc300000)
Event: 12.913 GC heap after
Heap after GC invocations=7 (full 1):
 PSYoungGen      total 270848K, used 18375K [0x00000000eaa80000, 0x0000000100000000, 0x0000000100000000)
  eden space 242176K, 0% used [0x00000000eaa80000,0x00000000eaa80000,0x00000000f9700000)
  from space 28672K, 64% used [0x00000000fca80000,0x00000000fdc71d68,0x00000000fe680000)
  to   space 52736K, 0% used [0x00000000f9700000,0x00000000f9700000,0x00000000fca80000)
 ParOldGen       total 172544K, used 86192K [0x00000000c0000000, 0x00000000ca880000, 0x00000000eaa80000)
  object space 172544K, 49% used [0x00000000c0000000,0x00000000c542c1b8,0x00000000ca880000)
 PSPermGen       total 21504K, used 5945K [0x00000000bae00000, 0x00000000bc300000, 0x00000000c0000000)
  object space 21504K, 27% used [0x00000000bae00000,0x00000000bb3ce6e0,0x00000000bc300000)
}
Event: 14.218 GC heap before
{Heap before GC invocations=8 (full 1):
 PSYoungGen      total 270848K, used 260551K [0x00000000eaa80000, 0x0000000100000000, 0x0000000100000000)
  eden space 242176K, 100% used [0x00000000eaa80000,0x00000000f9700000,0x00000000f9700000)
  from space 28672K, 64% used [0x00000000fca80000,0x00000000fdc71d68,0x00000000fe680000)
  to   space 52736K, 0% used [0x00000000f9700000,0x00000000f9700000,0x00000000fca80000)
 ParOldGen       total 172544K, used 86192K [0x00000000c0000000, 0x00000000ca880000, 0x00000000eaa80000)
  object space 172544K, 49% used [0x00000000c0000000,0x00000000c542c1b8,0x00000000ca880000)
 PSPermGen       total 21504K, used 5961K [0x00000000bae00000, 0x00000000bc300000, 0x00000000c0000000)
  object space 21504K, 27% used [0x00000000bae00000,0x00000000bb3d24f0,0x00000000bc300000)
Event: 14.344 GC heap after
Heap after GC invocations=8 (full 1):
 PSYoungGen      total 294912K, used 52715K [0x00000000eaa80000, 0x0000000100000000, 0x0000000100000000)
  eden space 242176K, 0% used [0x00000000eaa80000,0x00000000eaa80000,0x00000000f9700000)
  from space 52736K, 99% used [0x00000000f9700000,0x00000000fca7ac28,0x00000000fca80000)
  to   space 54784K, 0% used [0x00000000fca80000,0x00000000fca80000,0x0000000100000000)
 ParOldGen       total 172544K, used 153448K [0x00000000c0000000, 0x00000000ca880000, 0x00000000eaa80000)
  object space 172544K, 88% used [0x00000000c0000000,0x00000000c95da320,0x00000000ca880000)
 PSPermGen       total 21504K, used 5961K [0x00000000bae00000, 0x00000000bc300000, 0x00000000c0000000)
  object space 21504K, 27% used [0x00000000bae00000,0x00000000bb3d24f0,0x00000000bc300000)
}
Event: 14.344 GC heap before
{Heap before GC invocations=9 (full 2):
 PSYoungGen      total 294912K, used 52715K [0x00000000eaa80000, 0x0000000100000000, 0x0000000100000000)
  eden space 242176K, 0% used [0x00000000eaa80000,0x00000000eaa80000,0x00000000f9700000)
  from space 52736K, 99% used [0x00000000f9700000,0x00000000fca7ac28,0x00000000fca80000)
  to   space 54784K, 0% used [0x00000000fca80000,0x00000000fca80000,0x0000000100000000)
 ParOldGen       total 172544K, used 153448K [0x00000000c0000000, 0x00000000ca880000, 0x00000000eaa80000)
  object space 172544K, 88% used [0x00000000c0000000,0x00000000c95da320,0x00000000ca880000)
 PSPermGen       total 21504K, used 5961K [0x00000000bae00000, 0x00000000bc300000, 0x00000000c0000000)
  object space 21504K, 27% used [0x00000000bae00000,0x00000000bb3d24f0,0x00000000bc300000)
Event: 15.064 GC heap after
Heap after GC invocations=9 (full 2):
 PSYoungGen      total 294912K, used 0K [0x00000000eaa80000, 0x0000000100000000, 0x0000000100000000)
  eden space 242176K, 0% used [0x00000000eaa80000,0x00000000eaa80000,0x00000000f9700000)
  from space 52736K, 0% used [0x00000000f9700000,0x00000000f9700000,0x00000000fca80000)
  to   space 54784K, 0% used [0x00000000fca80000,0x00000000fca80000,0x0000000100000000)
 ParOldGen       total 172544K, used 155722K [0x00000000c0000000, 0x00000000ca880000, 0x00000000eaa80000)
  object space 172544K, 90% used [0x00000000c0000000,0x00000000c98129f0,0x00000000ca880000)
 PSPermGen       total 21504K, used 5961K [0x00000000bae00000, 0x00000000bc300000, 0x00000000c0000000)
  object space 21504K, 27% used [0x00000000bae00000,0x00000000bb3d2490,0x00000000bc300000)
}

